<?xml version="1.0" encoding="UTF-8"?>
<testsuite xmlns:xsi="http://www.w3.org/2001/XMLSchema-instance" xsi:noNamespaceSchemaLocation="https://maven.apache.org/surefire/maven-surefire-plugin/xsd/surefire-test-report.xsd" version="3.0.2" name="TestSuite" time="50.065" tests="1" errors="0" skipped="0" failures="0">
  <properties>
[...]
</properties>
  <testcase name="validateSignIn" classname="testCases.TC002_SignInTestWithValid" time="33.24">
    <system-out><![CDATA[false
]]></system-out>
    <system-err><![CDATA[SLF4J: Failed to load class "org.slf4j.impl.StaticLoggerBinder".
SLF4J: Defaulting to no-operation (NOP) logger implementation
SLF4J: See http://www.slf4j.org/codes.html#StaticLoggerBinder for further details.
2025-09-13T18:52:20.766221Z main INFO Starting configuration XmlConfiguration[location=C:\Resume\Automation_material\AutomationWorkPlace\Evotext\HybridFramework\target\test-classes\log4j2.xml, lastModified=2025-08-29T23:45:14.361Z]...
2025-09-13T18:52:20.766221Z main INFO Configuration XmlConfiguration[location=C:\Resume\Automation_material\AutomationWorkPlace\Evotext\HybridFramework\target\test-classes\log4j2.xml, lastModified=2025-08-29T23:45:14.361Z] started.
2025-09-13T18:52:20.766221Z main INFO Stopping configuration org.apache.logging.log4j.core.config.DefaultConfiguration@75cd8043...
2025-09-13T18:52:20.766221Z main INFO Configuration org.apache.logging.log4j.core.config.DefaultConfiguration@75cd8043 stopped.
Sept 14, 2025 12:22:22 AM org.openqa.selenium.devtools.CdpVersionFinder findNearestMatch
WARNING: Unable to find an exact match for CDP version 140, returning the closest version; found: 139; Please update to a Selenium version that supports CDP version 140
]]></system-err>
  </testcase>
</testsuite>