<?xml version="1.0" encoding="UTF-8"?>
<testng-results ignored="0" total="1" passed="1" failed="0" skipped="0">
  <reporter-output>
  </reporter-output>
  <suite started-at="2025-09-13T23:26:10 IST" name="MasterSuite" finished-at="2025-09-13T23:26:54 IST" duration-ms="43482">
    <groups>
      <group name="Regression">
        <method signature="TC002_SignInTestWithValid.validateSignIn()[pri:0, instance:testCases.TC002_SignInTestWithValid@198b6731]" name="validateSignIn" class="testCases.TC002_SignInTestWithValid"/>
      </group> <!-- Regression -->
      <group name="Smoke">
        <method signature="TC002_SignInTestWithValid.validateSignIn()[pri:0, instance:testCases.TC002_SignInTestWithValid@198b6731]" name="validateSignIn" class="testCases.TC002_SignInTestWithValid"/>
      </group> <!-- Smoke -->
    </groups>
    <test started-at="2025-09-13T23:26:10 IST" name="Testcase" finished-at="2025-09-13T23:26:54 IST" duration-ms="43482">
      <class name="testCases.TC002_SignInTestWithValid">
        <test-method is-config="true" signature="setUp(java.lang.String,java.lang.String)[pri:0, instance:testCases.TC002_SignInTestWithValid@198b6731]" started-at="2025-09-13T23:26:11 IST" name="setUp" finished-at="2025-09-13T23:26:19 IST" duration-ms="8704" status="PASS">
          <params>
            <param index="0">
              <value>
                <![CDATA[Windows]]>
              </value>
            </param>
            <param index="1">
              <value>
                <![CDATA[chrome]]>
              </value>
            </param>
          </params>
          <reporter-output>
          </reporter-output>
        </test-method> <!-- setUp -->
        <test-method signature="validateSignIn()[pri:0, instance:testCases.TC002_SignInTestWithValid@198b6731]" started-at="2025-09-13T23:26:19 IST" name="validateSignIn" finished-at="2025-09-13T23:26:54 IST" duration-ms="34352" status="PASS">
          <reporter-output>
          </reporter-output>
        </test-method> <!-- validateSignIn -->
        <test-method is-config="true" signature="tearDown()[pri:0, instance:testCases.TC002_SignInTestWithValid@198b6731]" started-at="2025-09-13T23:26:54 IST" name="tearDown" finished-at="2025-09-13T23:26:54 IST" duration-ms="2" status="PASS">
          <reporter-output>
          </reporter-output>
        </test-method> <!-- tearDown -->
      </class> <!-- testCases.TC002_SignInTestWithValid -->
    </test> <!-- Testcase -->
  </suite> <!-- MasterSuite -->
</testng-results>
