<?xml version="1.0" encoding="UTF-8"?>
<!-- Generated by org.testng.reporters.JUnitXMLReporter -->
<testsuite ignored="1" hostname="010223HP840G543" failures="0" tests="1" name="grouptest" time="41.357" errors="0" timestamp="2025-08-20T13:10:53 IST">
  <testcase classname="testCases.TC002_SignInTestWithValid" name="validateSignIn" time="32.761"/>
  <testcase classname="testCases.TC004_AddClassTestCase" name="addClassTestCase" time="0.0">
    <ignored/>
  </testcase> <!-- addClassTestCase -->
</testsuite> <!-- grouptest -->
